<?xml version="1.0" encoding="UTF-8"?>
<!-- Generated by org.testng.reporters.JUnitReportReporter -->
<testsuite hostname="LAPTOP-217R14G5" failures="0" tests="3" name="Assignment.Calculator" time="2.781" errors="0" timestamp="2022-09-23T18:00:10 IST" skipped="0">
  <testcase classname="Assignment.Calculator" name="fillingForm" time="2.200"/>
  <system-out/>
  <testcase classname="Assignment.Calculator" name="startOver" time="0.194"/>
  <system-out/>
  <testcase classname="Assignment.Calculator" name="verifying" time="0.387"/>
  <system-out/>
</testsuite> <!-- Assignment.Calculator -->
